  ProjektUkladuSlonecznego.cpp
C:\Users\mateu\Desktop\Grafika komputerowa i komunikacja człowiek-komputer\Mini Projekt\ProjektUkladuSlonecznego\ProjektUkladuSlonecznego\ProjektUkladuSlonecznego.cpp(20,2): warning C4091: "typedef ": zignorowano na lewo od "Planet" podczas gdy brak deklaracji zmiennej
C:\Users\mateu\Desktop\Grafika komputerowa i komunikacja człowiek-komputer\Mini Projekt\ProjektUkladuSlonecznego\ProjektUkladuSlonecznego\ProjektUkladuSlonecznego.cpp(30,2): warning C4091: "typedef ": zignorowano na lewo od "Sun" podczas gdy brak deklaracji zmiennej
C:\Users\mateu\Desktop\Grafika komputerowa i komunikacja człowiek-komputer\Mini Projekt\ProjektUkladuSlonecznego\ProjektUkladuSlonecznego\ProjektUkladuSlonecznego.cpp(248,29): warning C4018: "<": niezgodność typu ze znakiem/bez znaku
C:\Users\mateu\Desktop\Grafika komputerowa i komunikacja człowiek-komputer\Mini Projekt\ProjektUkladuSlonecznego\ProjektUkladuSlonecznego\ProjektUkladuSlonecznego.cpp(249,30): warning C4018: "<": niezgodność typu ze znakiem/bez znaku
C:\Users\mateu\Desktop\Grafika komputerowa i komunikacja człowiek-komputer\Mini Projekt\ProjektUkladuSlonecznego\ProjektUkladuSlonecznego\ProjektUkladuSlonecznego.cpp(287,29): warning C4018: "<": niezgodność typu ze znakiem/bez znaku
C:\Users\mateu\Desktop\Grafika komputerowa i komunikacja człowiek-komputer\Mini Projekt\ProjektUkladuSlonecznego\ProjektUkladuSlonecznego\ProjektUkladuSlonecznego.cpp(324,33): warning C4018: "<": niezgodność typu ze znakiem/bez znaku
C:\Users\mateu\Desktop\Grafika komputerowa i komunikacja człowiek-komputer\Mini Projekt\ProjektUkladuSlonecznego\ProjektUkladuSlonecznego\ProjektUkladuSlonecznego.cpp(362,37): warning C4018: "<": niezgodność typu ze znakiem/bez znaku
C:\Users\mateu\Desktop\Grafika komputerowa i komunikacja człowiek-komputer\Mini Projekt\ProjektUkladuSlonecznego\ProjektUkladuSlonecznego\ProjektUkladuSlonecznego.cpp(363,30): warning C4018: "<": niezgodność typu ze znakiem/bez znaku
C:\Users\mateu\Desktop\Grafika komputerowa i komunikacja człowiek-komputer\Mini Projekt\ProjektUkladuSlonecznego\ProjektUkladuSlonecznego\ProjektUkladuSlonecznego.cpp(247,10): warning C4101: "j1": lokalna zmienna, do której nie istnieje odwołanie
C:\Users\mateu\Desktop\Grafika komputerowa i komunikacja człowiek-komputer\Mini Projekt\ProjektUkladuSlonecznego\ProjektUkladuSlonecznego\ProjektUkladuSlonecznego.cpp(247,6): warning C4101: "i1": lokalna zmienna, do której nie istnieje odwołanie
C:\Users\mateu\Desktop\Grafika komputerowa i komunikacja człowiek-komputer\Mini Projekt\ProjektUkladuSlonecznego\ProjektUkladuSlonecznego\ProjektUkladuSlonecznego.cpp(410,29): warning C4018: "<": niezgodność typu ze znakiem/bez znaku
C:\Users\mateu\Desktop\Grafika komputerowa i komunikacja człowiek-komputer\Mini Projekt\ProjektUkladuSlonecznego\ProjektUkladuSlonecznego\ProjektUkladuSlonecznego.cpp(411,30): warning C4018: "<": niezgodność typu ze znakiem/bez znaku
C:\Users\mateu\Desktop\Grafika komputerowa i komunikacja człowiek-komputer\Mini Projekt\ProjektUkladuSlonecznego\ProjektUkladuSlonecznego\ProjektUkladuSlonecznego.cpp(448,29): warning C4018: "<": niezgodność typu ze znakiem/bez znaku
C:\Users\mateu\Desktop\Grafika komputerowa i komunikacja człowiek-komputer\Mini Projekt\ProjektUkladuSlonecznego\ProjektUkladuSlonecznego\ProjektUkladuSlonecznego.cpp(486,33): warning C4018: "<": niezgodność typu ze znakiem/bez znaku
C:\Users\mateu\Desktop\Grafika komputerowa i komunikacja człowiek-komputer\Mini Projekt\ProjektUkladuSlonecznego\ProjektUkladuSlonecznego\ProjektUkladuSlonecznego.cpp(525,37): warning C4018: "<": niezgodność typu ze znakiem/bez znaku
C:\Users\mateu\Desktop\Grafika komputerowa i komunikacja człowiek-komputer\Mini Projekt\ProjektUkladuSlonecznego\ProjektUkladuSlonecznego\ProjektUkladuSlonecznego.cpp(526,30): warning C4018: "<": niezgodność typu ze znakiem/bez znaku
C:\Users\mateu\Desktop\Grafika komputerowa i komunikacja człowiek-komputer\Mini Projekt\ProjektUkladuSlonecznego\ProjektUkladuSlonecznego\ProjektUkladuSlonecznego.cpp(409,10): warning C4101: "j1": lokalna zmienna, do której nie istnieje odwołanie
C:\Users\mateu\Desktop\Grafika komputerowa i komunikacja człowiek-komputer\Mini Projekt\ProjektUkladuSlonecznego\ProjektUkladuSlonecznego\ProjektUkladuSlonecznego.cpp(409,6): warning C4101: "i1": lokalna zmienna, do której nie istnieje odwołanie
  ProjektUkladuSlonecznego.vcxproj -> C:\Users\mateu\Desktop\Grafika komputerowa i komunikacja człowiek-komputer\Mini Projekt\ProjektUkladuSlonecznego\Debug\ProjektUkladuSlonecznego.exe
